2026-01-13 13:44:06 - INFO - ============================================================
2026-01-13 13:44:06 - INFO -                    FILE PROCESSING SYSTEM                   
2026-01-13 13:44:06 - INFO - ============================================================
2026-01-13 13:44:06 - INFO - Started: 2026-01-13 13:44:06
2026-01-13 13:44:06 - INFO - ------------------------------------------------------------
2026-01-13 13:44:06 - INFO - 📂 Input:  D:\spec-driven-projects\innovative\input
2026-01-13 13:44:06 - INFO - 📂 Output: D:\spec-driven-projects\innovative\output
2026-01-13 13:44:06 - INFO - ------------------------------------------------------------
2026-01-13 13:44:06 - INFO - 🔍 Validating inputs...
2026-01-13 13:44:06 - INFO - 
2026-01-13 13:44:06 - INFO -   ✓ Input folder exists
2026-01-13 13:44:06 - INFO -   ✓ Path is a directory
2026-01-13 13:44:06 - INFO -   ✓ Folder is readable
2026-01-13 13:44:06 - INFO -   ✓ Found 10 file(s)
2026-01-13 13:44:06 - INFO -   ✓ All files are readable
2026-01-13 13:44:06 - INFO - 
2026-01-13 13:44:06 - INFO - ✅ Validation passed - 10 file(s) ready
2026-01-13 13:44:06 - INFO - ------------------------------------------------------------
2026-01-13 13:44:06 - INFO - 📊 Processing files...
2026-01-13 13:44:06 - INFO - 
2026-01-13 13:44:06 - INFO -   [1/10] .gitignore
2026-01-13 13:44:06 - INFO -   [2/10] components.json
2026-01-13 13:44:06 - INFO -   [3/10] eslint.config.mjs
2026-01-13 13:44:06 - INFO -   [4/10] next-env.d.ts
2026-01-13 13:44:06 - INFO -   [5/10] next.config.ts
2026-01-13 13:44:06 - INFO -   [6/10] package-lock.json
2026-01-13 13:44:06 - INFO -   [7/10] package.json
2026-01-13 13:44:06 - INFO -   [8/10] postcss.config.mjs
2026-01-13 13:44:06 - INFO -   [9/10] README.md
2026-01-13 13:44:06 - INFO -   [10/10] tsconfig.json
2026-01-13 13:44:06 - INFO - 
2026-01-13 13:44:06 - INFO - ✅ Processed 10 file(s) successfully
2026-01-13 13:44:06 - INFO - ------------------------------------------------------------
2026-01-13 13:44:06 - INFO - 📝 Output files created:
2026-01-13 13:44:06 - INFO -   • Summary: summary.json
2026-01-13 13:44:06 - INFO -   • Log:     processing.log
2026-01-13 13:44:06 - INFO - ------------------------------------------------------------
2026-01-13 13:44:06 - INFO - 📈 SUMMARY STATISTICS
2026-01-13 13:44:06 - INFO - 
2026-01-13 13:44:06 - INFO -   Total Files:   10
2026-01-13 13:44:06 - INFO -   Text Files:    10
2026-01-13 13:44:06 - INFO -   Binary Files:  0
2026-01-13 13:44:06 - INFO -   Total Size:    234.47 KB (0.23 MB)
2026-01-13 13:44:06 - INFO -   Total Lines:   6,977
2026-01-13 13:44:06 - INFO - ------------------------------------------------------------
2026-01-13 13:44:06 - INFO - ============================================================
2026-01-13 13:44:06 - INFO -                    COMPLETED SUCCESSFULLY                   
2026-01-13 13:44:06 - INFO - ============================================================
2026-01-13 13:44:06 - INFO - Duration: 0.04 seconds
2026-01-13 13:44:06 - INFO - Output:   D:\spec-driven-projects\innovative\output
2026-01-13 13:44:06 - INFO - ============================================================
2026-01-13 13:44:06 - INFO -                                                             
2026-01-13 13:44:06 - INFO - ============================================================
